<?xml version="1.0" encoding="UTF-8"?>
<!-- Generated by org.testng.reporters.JUnitXMLReporter -->
<testsuite hostname="LAPTOP-HS5RCHRC" ignored="0" name="Arcadia Project Test cases " tests="16" failures="0" timestamp="14 Feb 2020 03:24:52 GMT" time="325.65" errors="0">
  <testcase name="loginPage" time="10.319" classname="com.Arcadia.Testcases.LoginPageTest"/>
  <testcase name="register" time="8.478" classname="com.Arcadia.Testcases.LoginPageTest"/>
  <testcase name="validateLoginErrorMsgwithoutEmailValue" time="1.116" classname="com.Arcadia.Testcases.LoginPageTest"/>
  <testcase name="validateLoginErrorMsgwithoutPasswordValue" time="1.08" classname="com.Arcadia.Testcases.LoginPageTest"/>
  <testcase name="validateLoginErrorMsgwithoutValues" time="0.462" classname="com.Arcadia.Testcases.LoginPageTest"/>
  <testcase name="validateRegisterErrorMessageExistingEmailId" time="3.258" classname="com.Arcadia.Testcases.LoginPageTest"/>
  <testcase name="validateRegisterErrorMessagePasswordMismatch" time="20.207" classname="com.Arcadia.Testcases.LoginPageTest"/>
  <testcase name="validateRegisterErrorMessageWithoutPasswordValue" time="1.199" classname="com.Arcadia.Testcases.LoginPageTest"/>
  <testcase name="navigateToCategoryBagsAccessories" time="7.638" classname="com.Arcadia.Testcases.HomePageTest"/>
  <testcase name="navigateToCategoryBrands" time="7.434" classname="com.Arcadia.Testcases.HomePageTest"/>
  <testcase name="navigateToCategoryClothing" time="7.56" classname="com.Arcadia.Testcases.HomePageTest"/>
  <testcase name="navigateToCategoryDresses" time="7.621" classname="com.Arcadia.Testcases.HomePageTest"/>
  <testcase name="navigateToCategoryJeans" time="7.46" classname="com.Arcadia.Testcases.HomePageTest"/>
  <testcase name="navigateToCategorySale" time="7.324" classname="com.Arcadia.Testcases.HomePageTest"/>
  <testcase name="navigateToCategoryShoes" time="7.423" classname="com.Arcadia.Testcases.HomePageTest"/>
  <testcase name="navigateToNewIn" time="7.534" classname="com.Arcadia.Testcases.HomePageTest"/>
</testsuite> <!-- Arcadia Project Test cases  -->
